{"level":"info","message":"MONGOOSE Successfully connected!","service":"auth-service","timestamp":"2026-03-02T08:45:36.245Z"}
{"level":"info","message":"Welcome to localhost 3000","service":"auth-service","timestamp":"2026-03-02T08:45:36.247Z"}
{"level":"info","message":"MONGOOSE Successfully connected!","service":"auth-service","timestamp":"2026-03-02T08:45:42.321Z"}
{"level":"info","message":"Welcome to localhost 3000","service":"auth-service","timestamp":"2026-03-02T08:45:42.323Z"}
{"level":"info","message":"MONGOOSE Successfully connected!","service":"auth-service","timestamp":"2026-03-02T08:46:02.357Z"}
{"level":"info","message":"Welcome to localhost 3000","service":"auth-service","timestamp":"2026-03-02T08:46:02.360Z"}
{"level":"info","message":"MONGOOSE Successfully connected!","service":"auth-service","timestamp":"2026-03-02T08:46:11.013Z"}
{"level":"info","message":"Welcome to localhost 3000","service":"auth-service","timestamp":"2026-03-02T08:46:11.021Z"}
{"level":"info","message":"MONGOOSE Successfully connected!","service":"auth-service","timestamp":"2026-03-02T08:46:25.336Z"}
{"level":"info","message":"Welcome to localhost 3000","service":"auth-service","timestamp":"2026-03-02T08:46:25.340Z"}
{"level":"info","message":"MONGOOSE Successfully connected!","service":"auth-service","timestamp":"2026-03-02T08:46:29.220Z"}
{"level":"info","message":"Welcome to localhost 3000","service":"auth-service","timestamp":"2026-03-02T08:46:29.225Z"}
{"level":"info","message":"MONGOOSE Successfully connected!","service":"auth-service","timestamp":"2026-03-02T08:46:31.820Z"}
{"level":"info","message":"Welcome to localhost 3000","service":"auth-service","timestamp":"2026-03-02T08:46:31.827Z"}
{"level":"info","message":"MONGOOSE Successfully connected!","service":"auth-service","timestamp":"2026-03-02T08:46:36.516Z"}
{"level":"info","message":"Welcome to localhost 3000","service":"auth-service","timestamp":"2026-03-02T08:46:36.520Z"}
{"level":"info","message":"MONGOOSE Successfully connected!","service":"auth-service","timestamp":"2026-03-02T08:46:42.855Z"}
{"level":"info","message":"Welcome to localhost 3000","service":"auth-service","timestamp":"2026-03-02T08:46:42.858Z"}
{"level":"info","message":"MONGOOSE Successfully connected!","service":"auth-service","timestamp":"2026-03-02T08:46:49.987Z"}
{"level":"info","message":"Welcome to localhost 3000","service":"auth-service","timestamp":"2026-03-02T08:46:49.989Z"}
{"level":"info","message":"MONGOOSE Successfully connected!","service":"auth-service","timestamp":"2026-03-02T08:47:04.212Z"}
{"level":"info","message":"Welcome to localhost 3000","service":"auth-service","timestamp":"2026-03-02T08:47:04.215Z"}
{"level":"info","message":"MONGOOSE Successfully connected!","service":"auth-service","timestamp":"2026-03-02T08:47:11.036Z"}
{"level":"info","message":"Welcome to localhost 3000","service":"auth-service","timestamp":"2026-03-02T08:47:11.041Z"}
{"level":"info","message":"MONGOOSE Successfully connected!","service":"auth-service","timestamp":"2026-03-02T08:47:49.042Z"}
{"level":"info","message":"Welcome to localhost 3000","service":"auth-service","timestamp":"2026-03-02T08:47:49.045Z"}
{"level":"info","message":"MONGOOSE Successfully connected!","service":"auth-service","timestamp":"2026-03-02T08:47:56.316Z"}
{"level":"info","message":"Welcome to localhost 3000","service":"auth-service","timestamp":"2026-03-02T08:47:56.319Z"}
{"level":"info","message":"MONGOOSE Successfully connected!","service":"auth-service","timestamp":"2026-03-02T08:48:04.753Z"}
{"level":"info","message":"Welcome to localhost 3000","service":"auth-service","timestamp":"2026-03-02T08:48:04.756Z"}
{"level":"info","message":"MONGOOSE Successfully connected!","service":"auth-service","timestamp":"2026-03-02T08:48:13.960Z"}
{"level":"info","message":"Welcome to localhost 3000","service":"auth-service","timestamp":"2026-03-02T08:48:13.962Z"}
{"level":"info","message":"MONGOOSE Successfully connected!","service":"auth-service","timestamp":"2026-03-02T08:48:18.374Z"}
{"level":"info","message":"Welcome to localhost 3000","service":"auth-service","timestamp":"2026-03-02T08:48:18.378Z"}
{"level":"info","message":"MONGOOSE Successfully connected!","service":"auth-service","timestamp":"2026-03-02T08:48:21.514Z"}
{"level":"info","message":"Welcome to localhost 3000","service":"auth-service","timestamp":"2026-03-02T08:48:21.519Z"}
{"level":"info","message":"MONGOOSE Successfully connected!","service":"auth-service","timestamp":"2026-03-02T08:48:28.113Z"}
{"level":"info","message":"Welcome to localhost 3000","service":"auth-service","timestamp":"2026-03-02T08:48:28.117Z"}
{"level":"info","message":"MONGOOSE Successfully connected!","service":"auth-service","timestamp":"2026-03-02T08:48:38.603Z"}
{"level":"info","message":"Welcome to localhost 3000","service":"auth-service","timestamp":"2026-03-02T08:48:38.607Z"}
{"level":"info","message":"MONGOOSE Successfully connected!","service":"auth-service","timestamp":"2026-03-02T08:48:41.745Z"}
{"level":"info","message":"Welcome to localhost 3000","service":"auth-service","timestamp":"2026-03-02T08:48:41.749Z"}
{"level":"info","message":"MONGOOSE Successfully connected!","service":"auth-service","timestamp":"2026-03-02T08:48:50.564Z"}
{"level":"info","message":"Welcome to localhost 3000","service":"auth-service","timestamp":"2026-03-02T08:48:50.569Z"}
{"level":"info","message":"MONGOOSE Successfully connected!","service":"auth-service","timestamp":"2026-03-02T08:49:32.918Z"}
{"level":"info","message":"Welcome to localhost 3000","service":"auth-service","timestamp":"2026-03-02T08:49:32.924Z"}
{"level":"info","message":"MONGOOSE Successfully connected!","service":"auth-service","timestamp":"2026-03-02T08:49:41.047Z"}
{"level":"info","message":"Welcome to localhost 3000","service":"auth-service","timestamp":"2026-03-02T08:49:41.052Z"}
{"level":"info","message":"MONGOOSE Successfully connected!","service":"auth-service","timestamp":"2026-03-02T08:49:49.367Z"}
{"level":"info","message":"Welcome to localhost 3000","service":"auth-service","timestamp":"2026-03-02T08:49:49.370Z"}
{"level":"info","message":"MONGOOSE Successfully connected!","service":"auth-service","timestamp":"2026-03-02T08:49:55.452Z"}
{"level":"info","message":"Welcome to localhost 3000","service":"auth-service","timestamp":"2026-03-02T08:49:55.456Z"}
{"level":"info","message":"MONGOOSE Successfully connected!","service":"auth-service","timestamp":"2026-03-02T08:49:59.741Z"}
{"level":"info","message":"Welcome to localhost 3000","service":"auth-service","timestamp":"2026-03-02T08:49:59.744Z"}
{"level":"info","message":"MONGOOSE Successfully connected!","service":"auth-service","timestamp":"2026-03-02T08:50:08.911Z"}
{"level":"info","message":"Welcome to localhost 3000","service":"auth-service","timestamp":"2026-03-02T08:50:08.916Z"}
{"level":"info","message":"MONGOOSE Successfully connected!","service":"auth-service","timestamp":"2026-03-02T08:50:12.426Z"}
{"level":"info","message":"Welcome to localhost 3000","service":"auth-service","timestamp":"2026-03-02T08:50:12.429Z"}
{"level":"info","message":"MONGOOSE Successfully connected!","service":"auth-service","timestamp":"2026-03-02T08:50:22.787Z"}
{"level":"info","message":"Welcome to localhost 3000","service":"auth-service","timestamp":"2026-03-02T08:50:22.791Z"}
{"level":"info","message":"MONGOOSE Successfully connected!","service":"auth-service","timestamp":"2026-03-02T08:50:39.901Z"}
{"level":"info","message":"Welcome to localhost 3000","service":"auth-service","timestamp":"2026-03-02T08:50:39.904Z"}
{"level":"info","message":"MONGOOSE Successfully connected!","service":"auth-service","timestamp":"2026-03-02T08:50:49.171Z"}
{"level":"info","message":"Welcome to localhost 3000","service":"auth-service","timestamp":"2026-03-02T08:50:49.177Z"}
{"level":"info","message":"MONGOOSE Successfully connected!","service":"auth-service","timestamp":"2026-03-02T08:51:05.450Z"}
{"level":"info","message":"Welcome to localhost 3000","service":"auth-service","timestamp":"2026-03-02T08:51:05.457Z"}
{"level":"info","message":"MONGOOSE Successfully connected!","service":"auth-service","timestamp":"2026-03-02T08:51:08.585Z"}
{"level":"info","message":"Welcome to localhost 3000","service":"auth-service","timestamp":"2026-03-02T08:51:08.589Z"}
{"level":"info","message":"MONGOOSE Successfully connected!","service":"auth-service","timestamp":"2026-03-02T08:51:13.983Z"}
{"level":"info","message":"Welcome to localhost 3000","service":"auth-service","timestamp":"2026-03-02T08:51:13.988Z"}
{"level":"info","message":"MONGOOSE Successfully connected!","service":"auth-service","timestamp":"2026-03-02T08:51:31.992Z"}
{"level":"info","message":"Welcome to localhost 3000","service":"auth-service","timestamp":"2026-03-02T08:51:31.997Z"}
{"level":"info","message":"MONGOOSE Successfully connected!","service":"auth-service","timestamp":"2026-03-02T08:51:42.797Z"}
{"level":"info","message":"Welcome to localhost 3000","service":"auth-service","timestamp":"2026-03-02T08:51:42.800Z"}
{"level":"info","message":"MONGOOSE Successfully connected!","service":"auth-service","timestamp":"2026-03-02T08:51:55.470Z"}
{"level":"info","message":"Welcome to localhost 3000","service":"auth-service","timestamp":"2026-03-02T08:51:55.476Z"}
{"level":"info","message":"MONGOOSE Successfully connected!","service":"auth-service","timestamp":"2026-03-02T08:52:04.356Z"}
{"level":"info","message":"Welcome to localhost 3000","service":"auth-service","timestamp":"2026-03-02T08:52:04.358Z"}
{"level":"info","message":"MONGOOSE Successfully connected!","service":"auth-service","timestamp":"2026-03-02T08:52:08.834Z"}
{"level":"info","message":"Welcome to localhost 3000","service":"auth-service","timestamp":"2026-03-02T08:52:08.837Z"}
{"level":"info","message":"MONGOOSE Successfully connected!","service":"auth-service","timestamp":"2026-03-02T08:52:11.224Z"}
{"level":"info","message":"Welcome to localhost 3000","service":"auth-service","timestamp":"2026-03-02T08:52:11.230Z"}
{"level":"info","message":"MONGOOSE Successfully connected!","service":"auth-service","timestamp":"2026-03-02T08:52:26.553Z"}
{"level":"info","message":"Welcome to localhost 3000","service":"auth-service","timestamp":"2026-03-02T08:52:26.558Z"}
{"level":"info","message":"MONGOOSE Successfully connected!","service":"auth-service","timestamp":"2026-03-02T08:52:32.083Z"}
{"level":"info","message":"Welcome to localhost 3000","service":"auth-service","timestamp":"2026-03-02T08:52:32.089Z"}
{"level":"info","message":"MONGOOSE Successfully connected!","service":"auth-service","timestamp":"2026-03-02T08:52:44.970Z"}
{"level":"info","message":"Welcome to localhost 3000","service":"auth-service","timestamp":"2026-03-02T08:52:44.973Z"}
{"level":"info","message":"MONGOOSE Successfully connected!","service":"auth-service","timestamp":"2026-03-02T08:52:53.996Z"}
{"level":"info","message":"Welcome to localhost 3000","service":"auth-service","timestamp":"2026-03-02T08:52:54.001Z"}
{"level":"info","message":"MONGOOSE Successfully connected!","service":"auth-service","timestamp":"2026-03-02T08:53:17.824Z"}
{"level":"info","message":"Welcome to localhost 3000","service":"auth-service","timestamp":"2026-03-02T08:53:17.828Z"}
{"level":"info","message":"MONGOOSE Successfully connected!","service":"auth-service","timestamp":"2026-03-02T08:53:23.712Z"}
{"level":"info","message":"Welcome to localhost 3000","service":"auth-service","timestamp":"2026-03-02T08:53:23.716Z"}
{"level":"info","message":"MONGOOSE Successfully connected!","service":"auth-service","timestamp":"2026-03-02T08:53:42.014Z"}
{"level":"info","message":"Welcome to localhost 3000","service":"auth-service","timestamp":"2026-03-02T08:53:42.021Z"}
{"level":"info","message":"MONGOOSE Successfully connected!","service":"auth-service","timestamp":"2026-03-02T08:53:52.039Z"}
{"level":"info","message":"Welcome to localhost 3000","service":"auth-service","timestamp":"2026-03-02T08:53:52.043Z"}
{"level":"info","message":"MONGOOSE Successfully connected!","service":"auth-service","timestamp":"2026-03-02T08:53:57.898Z"}
{"level":"info","message":"Welcome to localhost 3000","service":"auth-service","timestamp":"2026-03-02T08:53:57.904Z"}
{"level":"info","message":"MONGOOSE Successfully connected!","service":"auth-service","timestamp":"2026-03-02T08:54:04.996Z"}
{"level":"info","message":"Welcome to localhost 3000","service":"auth-service","timestamp":"2026-03-02T08:54:04.999Z"}
{"level":"info","message":"MONGOOSE Successfully connected!","service":"auth-service","timestamp":"2026-03-02T08:54:09.118Z"}
{"level":"info","message":"Welcome to localhost 3000","service":"auth-service","timestamp":"2026-03-02T08:54:09.122Z"}
{"level":"info","message":"MONGOOSE Successfully connected!","service":"auth-service","timestamp":"2026-03-02T08:54:20.734Z"}
{"level":"info","message":"Welcome to localhost 3000","service":"auth-service","timestamp":"2026-03-02T08:54:20.737Z"}
{"level":"info","message":"MONGOOSE Successfully connected!","service":"auth-service","timestamp":"2026-03-02T08:56:35.977Z"}
{"level":"info","message":"Welcome to localhost 3000","service":"auth-service","timestamp":"2026-03-02T08:56:35.985Z"}
{"level":"info","message":"User refresh token removed from Redis during logout","service":"auth-service","timestamp":"2026-03-02T08:56:58.695Z"}
{"level":"info","message":"User logged out successfully","service":"auth-service","timestamp":"2026-03-02T08:56:58.698Z"}
{"level":"warn","message":"Registration attempt with existing email: evanyoshi19@gmail.com","service":"auth-service","timestamp":"2026-03-02T08:57:12.869Z"}
{"level":"info","message":"New user registered: evaasdasdnyoshi19@gmail.com (id: 69a550f0bfe4e7dc2a28d722)","service":"auth-service","timestamp":"2026-03-02T08:57:20.612Z"}
{"level":"info","message":"Access Token created successfully","service":"auth-service","timestamp":"2026-03-02T08:57:20.619Z"}
{"level":"info","message":"Refresh Token created successfully","service":"auth-service","timestamp":"2026-03-02T08:57:20.623Z"}
{"level":"info","message":"Refresh token stored in Redis for user: 69a550f0bfe4e7dc2a28d722","service":"auth-service","timestamp":"2026-03-02T08:57:20.938Z"}
{"level":"info","message":"Access Token created successfully","service":"auth-service","timestamp":"2026-03-02T08:57:44.242Z"}
{"level":"info","message":"Refresh Token created successfully","service":"auth-service","timestamp":"2026-03-02T08:57:44.244Z"}
{"level":"info","message":"User logged in successfully: evanyoshi19@gmail.com (id: 6994f82efc72d025e9289866)","service":"auth-service","timestamp":"2026-03-02T08:57:44.581Z"}
{"level":"info","message":"Successfully fetch the users","service":"auth-service","timestamp":"2026-03-02T08:57:44.702Z"}
{"level":"info","message":"MONGOOSE Successfully connected!","service":"auth-service","timestamp":"2026-03-02T08:58:12.265Z"}
{"level":"info","message":"Welcome to localhost 3000","service":"auth-service","timestamp":"2026-03-02T08:58:12.268Z"}
{"level":"info","message":"MONGOOSE Successfully connected!","service":"auth-service","timestamp":"2026-03-02T08:58:42.457Z"}
{"level":"info","message":"Welcome to localhost 3000","service":"auth-service","timestamp":"2026-03-02T08:58:42.463Z"}
{"level":"info","message":"User refresh token removed from Redis during logout","service":"auth-service","timestamp":"2026-03-02T08:58:58.788Z"}
{"level":"info","message":"User logged out successfully","service":"auth-service","timestamp":"2026-03-02T08:58:58.791Z"}
{"level":"info","message":"Access Token created successfully","service":"auth-service","timestamp":"2026-03-02T08:59:08.323Z"}
{"level":"info","message":"Refresh Token created successfully","service":"auth-service","timestamp":"2026-03-02T08:59:08.325Z"}
{"level":"info","message":"User logged in successfully: evanyoshi19@gmail.com (id: 6994f82efc72d025e9289866)","service":"auth-service","timestamp":"2026-03-02T08:59:08.720Z"}
{"level":"info","message":"Successfully fetch the users","service":"auth-service","timestamp":"2026-03-02T08:59:08.849Z"}
